<?xml version="1.0" encoding="UTF-8"?>
<!-- Generated by org.testng.reporters.JUnitXMLReporter -->
<testsuite hostname="Ajith" name="Test" tests="1" failures="1" timestamp="22 Oct 2018 16:35:40 GMT" time="34.545" errors="0">
  <testcase name="validLogin" time="0.015" classname="Test.testCore.LoginTest">
    <failure type="java.lang.NullPointerException">
      <![CDATA[java.lang.NullPointerException
	at Test.testCore.LoginTest.validLogin(LoginTest.java:24)
... Removed 24 stack frames]]>
    </failure>
  </testcase> <!-- validLogin -->
</testsuite> <!-- Test -->
