<?xml version="1.0" encoding="UTF-8"?>
<!-- Generated by org.testng.reporters.JUnitXMLReporter -->
<testsuite hostname="Ajith" name="Test" tests="4" failures="4" timestamp="4 Aug 2018 08:01:04 GMT" time="0.063" errors="0">
  <testcase name="validLogin" time="0.015" classname="Test.testCore.LoginTest">
    <failure type="java.lang.NullPointerException">
      <![CDATA[java.lang.NullPointerException
	at Test.testCore.LoginTest.validLogin(LoginTest.java:17)
... Removed 24 stack frames]]>
    </failure>
  </testcase> <!-- validLogin -->
  <testcase name="validLogin" time="0.0" classname="Test.testCore.LoginTest">
    <failure type="java.lang.NullPointerException">
      <![CDATA[java.lang.NullPointerException
	at Test.testCore.LoginTest.validLogin(LoginTest.java:17)
... Removed 24 stack frames]]>
    </failure>
  </testcase> <!-- validLogin -->
  <testcase name="validLogin" time="0.0" classname="Test.testCore.LoginTest">
    <failure type="java.lang.NullPointerException">
      <![CDATA[java.lang.NullPointerException
	at Test.testCore.LoginTest.validLogin(LoginTest.java:17)
... Removed 24 stack frames]]>
    </failure>
  </testcase> <!-- validLogin -->
  <testcase name="validLogin" time="0.0" classname="Test.testCore.LoginTest">
    <failure type="java.lang.NullPointerException">
      <![CDATA[java.lang.NullPointerException
	at Test.testCore.LoginTest.validLogin(LoginTest.java:17)
... Removed 24 stack frames]]>
    </failure>
  </testcase> <!-- validLogin -->
</testsuite> <!-- Test -->
